<?xml version="1.0" encoding="UTF-8"?>
<!-- Generated by org.testng.reporters.JUnitXMLReporter -->
<testsuite ignored="0" hostname="DESKTOP-0ILCENT" failures="0" tests="1" name="AssignmnmentTest" time="0.139" errors="0" timestamp="2022-10-07T06:41:46 GST">
  <testcase classname="assignment.Assignment6" name="@BeforeMethod beforeMethod" time="0.058">
    <failure type="java.lang.IllegalStateException" message="The driver executable must exist: C:\Users\sanal\eclipse-workspace\SeleniumProjects\&amp;quot;C:\Users\sanal\Desktop\Selenium Java\chromedriver_win32\chromedriver.exe">
      <![CDATA[java.lang.IllegalStateException: The driver executable must exist: C:\Users\sanal\eclipse-workspace\SeleniumProjects\"C:\Users\sanal\Desktop\Selenium Java\chromedriver_win32\chromedriver.exe
at org.openqa.selenium.internal.Require$FileStateChecker.isFile(Require.java:342)
at org.openqa.selenium.remote.service.DriverService.checkExecutable(DriverService.java:147)
at org.openqa.selenium.remote.service.DriverService.findExecutable(DriverService.java:142)
at org.openqa.selenium.chrome.ChromeDriverService.access$000(ChromeDriverService.java:39)
at org.openqa.selenium.chrome.ChromeDriverService$Builder.findDefaultExecutable(ChromeDriverService.java:233)
at org.openqa.selenium.remote.service.DriverService$Builder.build(DriverService.java:437)
at org.openqa.selenium.chrome.ChromeDriverService.createDefaultService(ChromeDriverService.java:128)
at org.openqa.selenium.chrome.ChromeDriver.<init>(ChromeDriver.java:49)
at assignment.Assignment6.beforeMethod(Assignment6.java:34)
at java.base/java.util.ArrayList.forEach(ArrayList.java:1511)
... Removed 31 stack frames]]>
    </failure>
  </testcase> <!-- @BeforeMethod beforeMethod -->
  <testcase classname="assignment.Assignment6" name="f" time="0.0">
    <skipped/>
  </testcase> <!-- f -->
</testsuite> <!-- AssignmnmentTest -->
