<?xml version="1.0" encoding="UTF-8"?>
<!-- Generated by org.testng.reporters.JUnitXMLReporter -->
<testsuite ignored="0" hostname="DESKTOP-0ILCENT" failures="0" tests="6" name="My Test100" time="11.418" errors="0" timestamp="2022-10-06T07:59:11 GST">
  <testcase classname="testng.BasicAssertion2UsingBrowser" name="@BeforeMethod beforeMethod" time="0.003">
    <failure type="java.lang.IllegalStateException" message="The driver executable must exist: C:\Users\CHITHRA\Desktop\selenium\chromedriver_win32\chromedriver.exe">
      <![CDATA[java.lang.IllegalStateException: The driver executable must exist: C:\Users\CHITHRA\Desktop\selenium\chromedriver_win32\chromedriver.exe
at org.openqa.selenium.internal.Require$FileStateChecker.isFile(Require.java:342)
at org.openqa.selenium.remote.service.DriverService.checkExecutable(DriverService.java:147)
at org.openqa.selenium.remote.service.DriverService.findExecutable(DriverService.java:142)
at org.openqa.selenium.chrome.ChromeDriverService.access$000(ChromeDriverService.java:39)
at org.openqa.selenium.chrome.ChromeDriverService$Builder.findDefaultExecutable(ChromeDriverService.java:233)
at org.openqa.selenium.remote.service.DriverService$Builder.build(DriverService.java:437)
at org.openqa.selenium.chrome.ChromeDriverService.createDefaultService(ChromeDriverService.java:128)
at org.openqa.selenium.chrome.ChromeDriver.<init>(ChromeDriver.java:49)
at testng.BasicAssertion2UsingBrowser.beforeMethod(BasicAssertion2UsingBrowser.java:65)
at java.base/java.util.concurrent.ThreadPoolExecutor.runWorker(ThreadPoolExecutor.java:1136)
at java.base/java.util.concurrent.ThreadPoolExecutor$Worker.run(ThreadPoolExecutor.java:635)
at java.base/java.lang.Thread.run(Thread.java:833)
... Removed 16 stack frames]]>
    </failure>
  </testcase> <!-- @BeforeMethod beforeMethod -->
  <testcase classname="testng.BasicAssertion2UsingBrowser" name="@AfterMethod aftermethod" time="-1.665028751158E9">
    <skipped/>
  </testcase> <!-- @AfterMethod aftermethod -->
  <testcase classname="testng.BasicAssertion2UsingBrowser" name="@BeforeMethod beforeMethod" time="-1.665028751161E9">
    <skipped/>
  </testcase> <!-- @BeforeMethod beforeMethod -->
  <testcase classname="testng.BasicAssertion2UsingBrowser" name="@AfterMethod aftermethod" time="-1.665028751172E9">
    <skipped/>
  </testcase> <!-- @AfterMethod aftermethod -->
  <testcase classname="testng.TestDemo" name="getBgColorLoginBtn" time="0.068"/>
  <testcase classname="testng.TestDemo" name="getColorLogin" time="0.041"/>
  <testcase classname="testng.TestDemo" name="loginBtn" time="0.039"/>
  <testcase classname="testng.BasicAssertion2UsingBrowser" name="loginButtonBgColorValidation" time="0.066"/>
  <testcase classname="testng.BasicAssertion2UsingBrowser" name="loginButtonTextValidation" time="0.0">
    <skipped/>
  </testcase> <!-- loginButtonTextValidation -->
  <testcase classname="testng.BasicAssertion2UsingBrowser" name="remembermeCheckBoxValidation" time="0.0">
    <skipped/>
  </testcase> <!-- remembermeCheckBoxValidation -->
</testsuite> <!-- My Test100 -->
