<?xml version="1.0" encoding="UTF-8"?>
<!-- Generated by org.testng.reporters.JUnitXMLReporter -->
<testsuite ignored="0" hostname="DESKTOP-0ILCENT" failures="0" tests="3" name="EdgeTest" time="0.041" errors="0" timestamp="2022-10-05T17:24:41 GST">
  <testcase classname="testng.BasicAssertion2UsingBrowser" name="@BeforeMethod beforeMethod" time="0.015">
    <failure type="java.lang.IllegalStateException" message="The driver executable must exist: C:\Users\CHITHRA\Desktop\selenium\edgedriver_win64\msedgedriver.exe">
      <![CDATA[java.lang.IllegalStateException: The driver executable must exist: C:\Users\CHITHRA\Desktop\selenium\edgedriver_win64\msedgedriver.exe
at org.openqa.selenium.internal.Require$FileStateChecker.isFile(Require.java:342)
at org.openqa.selenium.remote.service.DriverService.checkExecutable(DriverService.java:147)
at org.openqa.selenium.remote.service.DriverService.findExecutable(DriverService.java:142)
at org.openqa.selenium.edge.EdgeDriverService.access$000(EdgeDriverService.java:40)
at org.openqa.selenium.edge.EdgeDriverService$Builder.findDefaultExecutable(EdgeDriverService.java:176)
at org.openqa.selenium.remote.service.DriverService$Builder.build(DriverService.java:437)
at org.openqa.selenium.edge.EdgeDriver.<init>(EdgeDriver.java:46)
at org.openqa.selenium.edge.EdgeDriver.<init>(EdgeDriver.java:42)
at testng.BasicAssertion2UsingBrowser.beforeMethod(BasicAssertion2UsingBrowser.java:70)
at java.base/java.util.ArrayList.forEach(ArrayList.java:1511)
... Removed 31 stack frames]]>
    </failure>
  </testcase> <!-- @BeforeMethod beforeMethod -->
  <testcase classname="testng.BasicAssertion2UsingBrowser" name="@AfterMethod aftermethod" time="-1.664976281227E9">
    <skipped/>
  </testcase> <!-- @AfterMethod aftermethod -->
  <testcase classname="testng.BasicAssertion2UsingBrowser" name="@BeforeMethod beforeMethod" time="-1.664976281231E9">
    <skipped/>
  </testcase> <!-- @BeforeMethod beforeMethod -->
  <testcase classname="testng.BasicAssertion2UsingBrowser" name="@AfterMethod aftermethod" time="-1.664976281235E9">
    <skipped/>
  </testcase> <!-- @AfterMethod aftermethod -->
  <testcase classname="testng.BasicAssertion2UsingBrowser" name="@BeforeMethod beforeMethod" time="-1.664976281237E9">
    <skipped/>
  </testcase> <!-- @BeforeMethod beforeMethod -->
  <testcase classname="testng.BasicAssertion2UsingBrowser" name="@AfterMethod aftermethod" time="-1.664976281242E9">
    <skipped/>
  </testcase> <!-- @AfterMethod aftermethod -->
  <testcase classname="testng.BasicAssertion2UsingBrowser" name="loginButtonBgColorValidation" time="0.0">
    <skipped/>
  </testcase> <!-- loginButtonBgColorValidation -->
  <testcase classname="testng.BasicAssertion2UsingBrowser" name="loginButtonTextValidation" time="0.0">
    <skipped/>
  </testcase> <!-- loginButtonTextValidation -->
  <testcase classname="testng.BasicAssertion2UsingBrowser" name="remembermeCheckBoxValidation" time="0.0">
    <skipped/>
  </testcase> <!-- remembermeCheckBoxValidation -->
</testsuite> <!-- EdgeTest -->
